23.12.14, 11:18:41: Logging to file: logfile.log

--------------------------------------------------------
23.12.14, 11:18:41: Logger started
23.12.14, 11:19:12: Logging to file: logfile.log

--------------------------------------------------------
23.12.14, 11:19:12: Logger started
23.12.14, 11:19:12: Raise - ok
23.12.14, 11:21:17: Logging to file: logfile.log

--------------------------------------------------------
23.12.14, 11:21:17: Logger started
23.12.14, 11:21:17: parapappaa
23.12.14, 12:14:55: Logging to file: logfile.log

--------------------------------------------------------
23.12.14, 12:14:55: Logger started
23.12.14, 12:14:55: parapappaa
23.12.14, 12:18:05: Logging to file: logfile.log

--------------------------------------------------------
23.12.14, 12:18:05: Logger started
23.12.14, 12:18:05: parapappaa
23.12.14, 12:26:15: Logging to file: logfile.log

--------------------------------------------------------
23.12.14, 12:26:15: Logger started
23.12.14, 12:26:15: parapappaa
23.12.14, 12:26:15: Starting server with IP 127.0.0.1 and port 10000
23.12.14, 12:31:38: Logging to file: logfile.log

--------------------------------------------------------
23.12.14, 12:31:38: Logger started
23.12.14, 12:31:38: parapappaa
23.12.14, 12:31:38: Starting server with IP 127.0.0.1 and port 10000
23.12.14, 12:31:51: DATA_IN: CONNECT;9;OK; <--- 127.0.0.1:41359
23.12.14, 12:32:23: DATA_IN: CREATE_GAME;OK; <--- 127.0.0.1:41359
